mode: set
gin-design/main.go:20.13,23.40 1 0
gin-design/main.go:23.40,26.3 1 0
gin-design/main.go:29.2,30.8 2 0
gin-design/main.go:30.8,32.3 1 0
gin-design/main.go:32.8,34.3 1 0
gin-design/main.go:36.2,37.16 2 0
gin-design/main.go:37.16,38.13 1 0
gin-design/main.go:40.2,42.11 2 0
gin-design/docs/docs.go:98.13,100.2 1 0
gin-design/cmd/main.go:19.13,22.40 1 0
gin-design/cmd/main.go:22.40,25.3 1 0
gin-design/cmd/main.go:28.2,30.8 2 0
gin-design/cmd/main.go:30.8,32.17 2 0
gin-design/cmd/main.go:32.17,33.14 1 0
gin-design/cmd/main.go:35.3,37.12 2 0
gin-design/cmd/main.go:38.8,39.26 1 0
gin-design/internal/app/dto/dto.go:9.41,15.2 1 0
gin-design/internal/app/dto/dto.go:17.52,23.2 1 0
gin-design/internal/init.go:12.99,17.41 3 0
gin-design/internal/init.go:17.41,21.3 1 0
gin-design/internal/init.go:23.2,23.40 1 0
gin-design/internal/init.go:23.40,27.3 1 0
gin-design/internal/init.go:29.2,39.10 4 0
gin-design/internal/init.go:42.62,43.28 1 0
gin-design/internal/init.go:43.28,45.3 1 0
gin-design/internal/wire_gen.go:29.49,31.16 2 0
gin-design/internal/wire_gen.go:31.16,33.3 1 0
gin-design/internal/wire_gen.go:34.2,35.16 2 0
gin-design/internal/wire_gen.go:35.16,37.3 1 0
gin-design/internal/wire_gen.go:38.2,39.16 2 0
gin-design/internal/wire_gen.go:39.16,41.3 1 0
gin-design/internal/wire_gen.go:42.2,54.21 13 0
gin-design/internal/wire_gen.go:54.21,56.3 1 0
gin-design/internal/wire_gen.go:65.59,72.2 1 0
gin-design/internal/wire_gen.go:74.21,75.47 1 0
gin-design/internal/wire_gen.go:75.47,76.13 1 0
gin-design/internal/app/data/data.go:15.33,22.2 2 0
gin-design/internal/app/data/data.go:24.23,26.2 1 0
gin-design/internal/app/data/data.go:28.58,29.16 1 0
gin-design/internal/app/data/data.go:29.16,31.3 1 0
gin-design/internal/app/data/data.go:33.2,34.15 2 0
gin-design/internal/app/data/data.go:34.15,36.3 1 0
gin-design/internal/app/data/data.go:37.2,37.13 1 0
gin-design/internal/app/router/router.go:20.12,25.2 1 0
gin-design/internal/app/router/shop.go:13.65,17.2 1 0
gin-design/internal/app/router/shop.go:19.57,20.2 0 0
gin-design/internal/app/router/user.go:13.65,17.2 1 0
gin-design/internal/app/router/user.go:19.56,22.2 2 0
gin-design/internal/app/controller/shop.go:13.74,17.2 1 0
gin-design/internal/app/controller/shop.go:19.53,21.2 1 0
gin-design/internal/app/controller/user.go:14.74,18.2 1 0
gin-design/internal/app/controller/user.go:20.52,22.16 2 0
gin-design/internal/app/controller/user.go:22.16,27.3 1 0
gin-design/internal/app/controller/user.go:28.2,28.34 1 0
gin-design/internal/app/mock/mock_user.go:26.61,30.2 3 0
gin-design/internal/app/mock/mock_user.go:33.59,35.2 1 0
gin-design/internal/app/mock/mock_user.go:38.60,44.2 5 0
gin-design/internal/app/mock/mock_user.go:47.74,50.2 2 0
gin-design/internal/app/repo/shop.go:9.43,13.2 1 0
gin-design/internal/app/repo/user.go:13.43,17.2 1 0
gin-design/internal/app/repo/user.go:19.56,22.16 3 0
gin-design/internal/app/repo/user.go:22.16,24.3 1 0
gin-design/internal/app/repo/user.go:25.2,25.18 1 0
gin-design/internal/config/config.go:87.46,97.45 7 1
gin-design/internal/config/config.go:97.45,99.3 1 0
gin-design/internal/config/config.go:101.2,102.46 2 1
gin-design/internal/config/config.go:102.46,104.3 1 0
gin-design/internal/config/config.go:106.2,106.18 1 1
gin-design/internal/consul/consul.go:13.63,14.27 1 0
gin-design/internal/consul/consul.go:14.27,16.3 1 0
gin-design/internal/consul/consul.go:18.2,22.16 4 0
gin-design/internal/consul/consul.go:22.16,24.3 1 0
gin-design/internal/consul/consul.go:26.2,26.20 1 0
gin-design/internal/consul/consul.go:29.65,30.48 1 0
gin-design/internal/consul/consul.go:30.48,32.3 1 0
gin-design/internal/consul/consul.go:34.2,35.16 2 0
gin-design/internal/consul/consul.go:35.16,38.3 2 0
gin-design/internal/consul/consul.go:40.2,53.69 2 0
gin-design/internal/consul/consul.go:53.69,55.3 1 0
gin-design/internal/consul/consul.go:58.67,59.48 1 0
gin-design/internal/consul/consul.go:59.48,61.3 1 0
gin-design/internal/consul/consul.go:63.2,64.16 2 0
gin-design/internal/consul/consul.go:64.16,67.3 2 0
gin-design/internal/consul/consul.go:69.2,69.79 1 0
gin-design/internal/consul/consul.go:69.79,71.3 1 0
gin-design/internal/app/service/shop.go:13.68,18.2 1 0
gin-design/internal/app/service/user.go:20.76,22.16 2 0
gin-design/internal/app/service/user.go:22.16,25.3 2 0
gin-design/internal/app/service/user.go:26.2,29.8 1 0
gin-design/internal/app/service/user.go:32.68,37.2 1 0
gin-design/internal/pkg/errors/code.go:28.37,30.2 1 0
gin-design/internal/pkg/errors/code.go:32.33,33.11 1 0
gin-design/internal/pkg/errors/code.go:34.10,35.23 1 0
gin-design/internal/pkg/errors/code.go:36.24,37.31 1 0
gin-design/internal/pkg/errors/code.go:38.20,39.33 1 0
gin-design/internal/pkg/errors/code.go:40.17,41.30 1 0
gin-design/internal/pkg/errors/code.go:42.16,43.29 1 0
gin-design/internal/pkg/errors/code.go:44.21,45.40 1 0
gin-design/internal/pkg/errors/code.go:46.25,47.36 1 0
gin-design/internal/pkg/errors/code.go:48.10,49.40 1 0
gin-design/internal/pkg/auth/jwt.go:22.104,34.2 3 0
gin-design/internal/pkg/auth/jwt.go:36.65,37.104 1 0
gin-design/internal/pkg/auth/jwt.go:37.104,38.58 1 0
gin-design/internal/pkg/auth/jwt.go:38.58,40.4 1 0
gin-design/internal/pkg/auth/jwt.go:41.3,41.32 1 0
gin-design/internal/pkg/auth/jwt.go:44.2,44.16 1 0
gin-design/internal/pkg/auth/jwt.go:44.16,46.3 1 0
gin-design/internal/pkg/auth/jwt.go:48.2,49.25 2 0
gin-design/internal/pkg/auth/jwt.go:49.25,51.3 1 0
gin-design/internal/pkg/auth/jwt.go:53.2,53.20 1 0
gin-design/internal/db/gorm.go:28.84,33.2 1 0
gin-design/internal/db/gorm.go:35.86,57.22 4 0
gin-design/internal/db/gorm.go:57.22,59.3 1 0
gin-design/internal/db/gorm.go:61.2,62.16 2 0
gin-design/internal/db/gorm.go:62.16,64.3 1 0
gin-design/internal/db/gorm.go:67.2,74.16 3 0
gin-design/internal/db/gorm.go:74.16,76.3 1 0
gin-design/internal/db/gorm.go:78.2,82.20 4 0
gin-design/internal/db/gorm.go:82.20,83.39 1 0
gin-design/internal/db/gorm.go:83.39,85.4 1 0
gin-design/internal/db/gorm.go:88.2,88.25 1 0
gin-design/internal/db/gorm.go:92.69,97.2 1 0
gin-design/internal/db/gorm.go:100.80,102.2 1 0
gin-design/internal/db/gorm.go:105.80,107.2 1 0
gin-design/internal/db/gorm.go:110.81,112.2 1 0
gin-design/internal/db/gorm.go:115.103,130.16 4 0
gin-design/internal/db/gorm.go:130.16,132.45 1 0
gin-design/internal/db/gorm.go:132.45,134.4 1 0
gin-design/internal/db/gorm.go:134.9,138.4 2 0
gin-design/internal/db/gorm.go:142.2,142.55 1 0
gin-design/internal/db/gorm.go:142.55,144.3 1 0
gin-design/internal/db/gorm.go:147.2,147.50 1 0
gin-design/internal/db/gorm.go:151.42,162.26 3 0
gin-design/internal/db/gorm.go:162.26,164.10 2 0
gin-design/internal/db/gorm.go:165.12,165.12 0 0
gin-design/internal/db/gorm.go:166.44,166.44 0 0
gin-design/internal/db/gorm.go:167.44,167.44 0 0
gin-design/internal/db/gorm.go:168.47,168.47 0 0
gin-design/internal/db/gorm.go:169.11,171.50 1 0
gin-design/internal/db/gorm.go:174.2,174.20 1 0
gin-design/internal/pkg/antipool/pool.go:8.48,10.2 1 0
gin-design/internal/pkg/casbin/casbin.go:5.37,7.2 0 0
gin-design/internal/middleware/auth.go:12.57,13.30 1 0
gin-design/internal/middleware/auth.go:13.30,15.18 2 0
gin-design/internal/middleware/auth.go:15.18,18.4 2 0
gin-design/internal/middleware/auth.go:20.3,21.17 2 0
gin-design/internal/middleware/auth.go:21.17,24.4 2 0
gin-design/internal/middleware/auth.go:26.3,28.11 3 0
gin-design/internal/middleware/casbin.go:5.31,6.30 1 0
gin-design/internal/middleware/casbin.go:6.31,8.3 0 0
gin-design/internal/middleware/cors.go:9.29,10.36 1 0
gin-design/internal/middleware/cors.go:10.36,24.42 7 0
gin-design/internal/middleware/cors.go:24.42,27.4 2 0
gin-design/internal/middleware/cors.go:27.9,29.4 1 0
gin-design/internal/middleware/limitter.go:16.54,20.2 1 0
gin-design/internal/middleware/limitter.go:22.61,26.49 3 0
gin-design/internal/middleware/limitter.go:26.49,28.3 1 0
gin-design/internal/middleware/limitter.go:31.2,33.16 3 0
gin-design/internal/middleware/limitter.go:36.59,37.30 1 0
gin-design/internal/middleware/limitter.go:37.30,41.23 3 0
gin-design/internal/middleware/limitter.go:41.23,44.4 2 0
gin-design/internal/middleware/limitter.go:46.3,46.11 1 0
gin-design/internal/middleware/logger.go:13.66,14.30 1 0
gin-design/internal/middleware/logger.go:14.30,33.17 8 0
gin-design/internal/middleware/logger.go:33.17,35.4 1 0
gin-design/internal/middleware/logger.go:37.3,37.20 1 0
gin-design/internal/middleware/logger.go:37.20,39.4 1 0
gin-design/internal/middleware/logger.go:39.9,39.27 1 0
gin-design/internal/middleware/logger.go:39.27,41.4 1 0
gin-design/internal/middleware/logger.go:41.9,43.4 1 0
gin-design/internal/middleware/recover.go:13.64,14.30 1 0
gin-design/internal/middleware/recover.go:14.30,15.16 1 0
gin-design/internal/middleware/recover.go:15.16,16.36 1 0
gin-design/internal/middleware/recover.go:16.36,27.5 2 0
gin-design/internal/middleware/recover.go:29.3,29.11 1 0
gin-design/internal/middleware/request.go:12.34,13.30 1 0
gin-design/internal/middleware/request.go:13.30,18.22 2 0
gin-design/internal/middleware/request.go:18.22,21.4 2 0
gin-design/internal/middleware/request.go:24.3,25.11 2 0
gin-design/internal/middleware/request.go:29.33,32.16 2 0
gin-design/internal/middleware/request.go:32.16,35.3 1 0
gin-design/internal/middleware/request.go:36.2,36.20 1 0
gin-design/internal/middleware/request_id.go:9.44,10.30 1 0
gin-design/internal/middleware/request_id.go:10.30,12.22 2 0
gin-design/internal/middleware/request_id.go:12.22,15.4 2 0
gin-design/internal/middleware/request_id.go:16.3,17.11 2 0
gin-design/internal/middleware/sessions.go:7.33,8.30 1 0
gin-design/internal/middleware/sessions.go:8.31,10.3 0 0
gin-design/internal/middleware/validator.go:13.13,15.2 1 0
gin-design/internal/middleware/validator.go:17.45,18.30 1 0
gin-design/internal/middleware/validator.go:18.30,19.52 1 0
gin-design/internal/middleware/validator.go:19.52,25.4 2 0
gin-design/internal/middleware/validator.go:26.3,26.11 1 0
gin-design/internal/pkg/crypto/crypto.go:17.53,19.16 2 0
gin-design/internal/pkg/crypto/crypto.go:19.16,21.3 1 0
gin-design/internal/pkg/crypto/crypto.go:23.2,25.56 3 0
gin-design/internal/pkg/crypto/crypto.go:25.56,27.3 1 0
gin-design/internal/pkg/crypto/crypto.go:29.2,32.59 3 0
gin-design/internal/pkg/crypto/crypto.go:35.64,37.16 2 0
gin-design/internal/pkg/crypto/crypto.go:37.16,39.3 1 0
gin-design/internal/pkg/crypto/crypto.go:41.2,42.16 2 0
gin-design/internal/pkg/crypto/crypto.go:42.16,44.3 1 0
gin-design/internal/pkg/crypto/crypto.go:46.2,46.37 1 0
gin-design/internal/pkg/crypto/crypto.go:46.37,48.3 1 0
gin-design/internal/pkg/crypto/crypto.go:50.2,56.24 5 0
gin-design/internal/pkg/logger/zap.go:17.59,30.24 11 0
gin-design/internal/pkg/logger/zap.go:30.24,38.3 3 0
gin-design/internal/pkg/logger/zap.go:40.2,40.23 1 0
gin-design/internal/pkg/logger/zap.go:40.23,65.68 5 0
gin-design/internal/pkg/logger/zap.go:65.68,67.4 1 0
gin-design/internal/pkg/logger/zap.go:69.3,75.45 2 0
gin-design/internal/pkg/logger/zap.go:78.2,89.40 4 0
gin-design/internal/pkg/logger/zap.go:92.46,93.15 1 0
gin-design/internal/pkg/logger/zap.go:94.15,95.24 1 0
gin-design/internal/pkg/logger/zap.go:96.14,97.23 1 0
gin-design/internal/pkg/logger/zap.go:98.14,99.23 1 0
gin-design/internal/pkg/logger/zap.go:100.15,101.24 1 0
gin-design/internal/pkg/logger/zap.go:102.10,103.23 1 0
gin-design/internal/pkg/logger/zap.go:107.45,109.2 1 0
gin-design/internal/pkg/logger/zap.go:111.60,113.2 1 0
gin-design/internal/pkg/logger/zap.go:115.59,117.2 1 0
gin-design/internal/pkg/logger/zap.go:119.59,121.2 1 0
